<?xml version="1.0" encoding="UTF-8"?>
<!-- Generated by org.testng.reporters.JUnitXMLReporter -->
<testsuite hostname="DESKTOP-VJ72G9N" ignored="8" name="Test" tests="5" failures="0" timestamp="22 Mar 2021 19:38:26 GMT" time="0.059" errors="0">
  <testcase name="@BeforeSuite startdriver" time="2.31" classname="tests.TestBase">
    <failure type="org.openqa.selenium.WebDriverException" message="unknown error: Chrome failed to start: crashed.
  (unknown error: DevToolsActivePort file doesn&amp;apos;t exist)
  (The process started from chrome location C:\Program Files (x86)\Google\Chrome\Application\chrome.exe is no longer running, so ChromeDriver is assuming that Chrome has crashed.)
Build info: version: &amp;apos;3.8.1&amp;apos;, revision: &amp;apos;6e95a6684b&amp;apos;, time: &amp;apos;2017-12-01T18:33:54.468Z&amp;apos;
System info: host: &amp;apos;DESKTOP-VJ72G9N&amp;apos;, ip: &amp;apos;192.168.1.12&amp;apos;, os.name: &amp;apos;Windows 10&amp;apos;, os.arch: &amp;apos;amd64&amp;apos;, os.version: &amp;apos;10.0&amp;apos;, java.version: &amp;apos;1.8.0_151&amp;apos;
Driver info: driver.version: ChromeDriver
remote stacktrace: Backtrace:
	Ordinal0 [0x00F4E7D3+124883]
	Ordinal0 [0x00F4E7B1+124849]
	GetHandleVerifier [0x01198688+193832]
	GetHandleVerifier [0x011B07AC+292428]
	GetHandleVerifier [0x011AE0AC+282444]
	GetHandleVerifier [0x011D4A90+440624]
	GetHandleVerifier [0x011D47FC+439964]
	GetHandleVerifier [0x011D154B+426987]
	GetHandleVerifier [0x011B4FFD+310941]
	GetHandleVerifier [0x011B5D8E+314414]
	GetHandleVerifier [0x011B5D19+314297]
	GetHandleVerifier [0x012731EC+1089676]
	GetHandleVerifier [0x012717C9+1082985]
	GetHandleVerifier [0x012713A3+1081923]
	GetHandleVerifier [0x0136D9FD+2115741]
	Ordinal0 [0x0109B82E+1488942]
	Ordinal0 [0x01035A7D+1071741]
	Ordinal0 [0x0103559B+1070491]
	Ordinal0 [0x010354B1+1070257]
	Ordinal0 [0x0106FF53+1310547]
	BaseThreadInitThunk [0x757D0419+25]
	RtlGetAppContainerNamedObjectPath [0x778974ED+237]
	RtlGetAppContainerNamedObjectPath [0x778974BD+189]
">
      <![CDATA[org.openqa.selenium.WebDriverException: unknown error: Chrome failed to start: crashed.  (unknown error: DevToolsActivePort file doesn't exist)  (The process started from chrome location C:\Program Files (x86)\Google\Chrome\Application\chrome.exe is no longer running, so ChromeDriver is assuming that Chrome has crashed.)Build info: version: '3.8.1', revision: '6e95a6684b', time: '2017-12-01T18:33:54.468Z'System info: host: 'DESKTOP-VJ72G9N', ip: '192.168.1.12', os.name: 'Windows 10', os.arch: 'amd64', os.version: '10.0', java.version: '1.8.0_151'Driver info: driver.version: ChromeDriverremote stacktrace: Backtrace:Ordinal0 [0x00F4E7D3+124883]Ordinal0 [0x00F4E7B1+124849]GetHandleVerifier [0x01198688+193832]GetHandleVerifier [0x011B07AC+292428]GetHandleVerifier [0x011AE0AC+282444]GetHandleVerifier [0x011D4A90+440624]GetHandleVerifier [0x011D47FC+439964]GetHandleVerifier [0x011D154B+426987]GetHandleVerifier [0x011B4FFD+310941]GetHandleVerifier [0x011B5D8E+314414]GetHandleVerifier [0x011B5D19+314297]GetHandleVerifier [0x012731EC+1089676]GetHandleVerifier [0x012717C9+1082985]GetHandleVerifier [0x012713A3+1081923]GetHandleVerifier [0x0136D9FD+2115741]Ordinal0 [0x0109B82E+1488942]Ordinal0 [0x01035A7D+1071741]Ordinal0 [0x0103559B+1070491]Ordinal0 [0x010354B1+1070257]Ordinal0 [0x0106FF53+1310547]BaseThreadInitThunk [0x757D0419+25]RtlGetAppContainerNamedObjectPath [0x778974ED+237]RtlGetAppContainerNamedObjectPath [0x778974BD+189]at org.openqa.selenium.remote.W3CHandshakeResponse.lambda$new$0(W3CHandshakeResponse.java:57)at org.openqa.selenium.remote.W3CHandshakeResponse.lambda$getResponseFunction$2(W3CHandshakeResponse.java:104)at org.openqa.selenium.remote.ProtocolHandshake.lambda$createSession$0(ProtocolHandshake.java:123)at java.util.stream.ReferencePipeline$3$1.accept(Unknown Source)at java.util.Spliterators$ArraySpliterator.tryAdvance(Unknown Source)at java.util.stream.ReferencePipeline.forEachWithCancel(Unknown Source)at java.util.stream.AbstractPipeline.copyIntoWithCancel(Unknown Source)at java.util.stream.AbstractPipeline.copyInto(Unknown Source)at java.util.stream.AbstractPipeline.wrapAndCopyInto(Unknown Source)at java.util.stream.FindOps$FindOp.evaluateSequential(Unknown Source)at java.util.stream.AbstractPipeline.evaluate(Unknown Source)at java.util.stream.ReferencePipeline.findFirst(Unknown Source)at org.openqa.selenium.remote.ProtocolHandshake.createSession(ProtocolHandshake.java:126)at org.openqa.selenium.remote.ProtocolHandshake.createSession(ProtocolHandshake.java:73)at org.openqa.selenium.remote.HttpCommandExecutor.execute(HttpCommandExecutor.java:142)at org.openqa.selenium.remote.service.DriverCommandExecutor.execute(DriverCommandExecutor.java:83)at org.openqa.selenium.remote.RemoteWebDriver.execute(RemoteWebDriver.java:601)at org.openqa.selenium.remote.RemoteWebDriver.startSession(RemoteWebDriver.java:219)at org.openqa.selenium.remote.RemoteWebDriver.<init>(RemoteWebDriver.java:142)at org.openqa.selenium.chrome.ChromeDriver.<init>(ChromeDriver.java:181)at org.openqa.selenium.chrome.ChromeDriver.<init>(ChromeDriver.java:168)at org.openqa.selenium.chrome.ChromeDriver.<init>(ChromeDriver.java:123)at tests.TestBase.startdriver(TestBase.java:17)... Removed 24 stack frames]]>
    </failure>
  </testcase> <!-- @BeforeSuite startdriver -->
  <testcase name="@AfterTest stopdriver" time="0.0" classname="tests.TestBase">
    <skipped/>
  </testcase> <!-- @AfterTest stopdriver -->
  <testcase name="Pressonsearchbtn" time="0.0" classname="tests.PressOnSearchBtnWithEmptyValue">
    <skipped/>
  </testcase> <!-- Pressonsearchbtn -->
  <testcase name="RemoveValues" time="0.0" classname="tests.RemoveEnteredValues">
    <skipped/>
  </testcase> <!-- RemoveValues -->
  <testcase name="SearchReturnSuccessfully" time="0.0" classname="tests.SearchAboutValidValues">
    <skipped/>
  </testcase> <!-- SearchReturnSuccessfully -->
  <testcase name="SearchReturnInsteadOption" time="0.0" classname="tests.SearchWithInvalidvalueReturninsteadoption">
    <skipped/>
  </testcase> <!-- SearchReturnInsteadOption -->
  <testcase name="SearchReturnsuccessfullywithLuckyOp" time="0.0" classname="tests.SearchWithLuckyOption">
    <skipped/>
  </testcase> <!-- SearchReturnsuccessfullywithLuckyOp -->
  <testcase name="@AfterTest stopdriver" time="0.0" classname="tests.TestBase">
    <ignored/>
  </testcase> <!-- @AfterTest stopdriver -->
  <testcase name="@AfterTest stopdriver" time="0.0" classname="tests.TestBase">
    <ignored/>
  </testcase> <!-- @AfterTest stopdriver -->
  <testcase name="@AfterTest stopdriver" time="0.0" classname="tests.TestBase">
    <ignored/>
  </testcase> <!-- @AfterTest stopdriver -->
  <testcase name="@AfterTest stopdriver" time="0.0" classname="tests.TestBase">
    <ignored/>
  </testcase> <!-- @AfterTest stopdriver -->
  <testcase name="@BeforeSuite startdriver" time="0.0" classname="tests.TestBase">
    <ignored/>
  </testcase> <!-- @BeforeSuite startdriver -->
  <testcase name="@BeforeSuite startdriver" time="0.0" classname="tests.TestBase">
    <ignored/>
  </testcase> <!-- @BeforeSuite startdriver -->
  <testcase name="@BeforeSuite startdriver" time="0.0" classname="tests.TestBase">
    <ignored/>
  </testcase> <!-- @BeforeSuite startdriver -->
  <testcase name="@BeforeSuite startdriver" time="0.0" classname="tests.TestBase">
    <ignored/>
  </testcase> <!-- @BeforeSuite startdriver -->
</testsuite> <!-- Test -->
